
ItemCommentモデルのテスト
  バリデーションのテスト
    commentカラム
[32m      空欄でないこと[0m
[32m      2文字以上であること: 1文字は×[0m
[32m      2文字以上であること: 2文字は〇[0m
[32m      140文字以下であること: 140文字は〇[0m
[32m      140文字以下であること: 1411文字は×[0m
  アソシエーションのテスト
    Userモデルとの関係
[32m      N:1となっている[0m
    Itemモデルとの関係
[32m      N:1となっている[0m

Itemモデルのテスト
  バリデーションのテスト
    nameカラム
[32m      空欄でないこと[0m
[32m      2文字以上であること: 2文字は〇[0m
[32m      2文字以上であること: 1文字は×[0m
[32m      30文字以下であること: 30文字は〇[0m
[32m      30文字以下であること: 31文字は×[0m
    shop_nameカラム
[32m      空欄でないこと[0m
[32m      30文字以下であること: 30文字は〇[0m
[32m      30文字以下であること: 31文字は×[0m
    detailカラム
[32m      空欄でないこと[0m
[32m      200文字以下であること: 200文字は〇[0m
[32m      200文字以下であること: 201文字は×[0m
    アソシエーションのテスト
      Userモデルとの関係
[32m        N:1となっている[0m
      Genreモデルとの関係
[32m        N:1となっている[0m
      ItemCommentモデルとの関係
[32m        1:Nとなっている[0m
      Favoriteモデルとの関係
[32m        1:Nとなっている[0m
      CoordineteTableモデルとの関係
[32m        1:Nとなっている[0m
      Recommendationモデルとの関係
[32m        1:Nとなっている[0m

Userモデルのテスト
  バリデーションのテスト
    nameカラム
[32m      空欄でないこと[0m
[32m      2文字以上であること: 1文字は×[0m
[32m      2文字以上であること: 2文字は〇[0m
[32m      20文字以下であること: 20文字は〇[0m
[32m      20文字以下であること: 21文字は×[0m
[32m      一意性があること[0m
    introductionカラム
[32m      50文字以下であること: 50文字は〇[0m
[32m      50文字以下であること: 51文字は×[0m
  アソシエーションのテスト
    Itemモデルとの関係
[32m      1:Nとなっている[0m
    ItemCommentモデルとの関係
[32m      1:Nとなっている[0m
    Favoriteモデルとの関係
[32m      1:Nとなっている[0m
    Coordinetesモデルとの関係
[32m      1:Nとなっている[0m
    Recommendationモデルとの関係
[32m      1:Nとなっている[0m

Finished in 1.03 seconds (files took 3.9 seconds to load)
[32m37 examples, 0 failures[0m

